{"total": {"lines":{"total":712,"covered":315,"skipped":0,"pct":44.24},"statements":{"total":717,"covered":316,"skipped":0,"pct":44.07},"functions":{"total":74,"covered":26,"skipped":0,"pct":35.13},"branches":{"total":274,"covered":85,"skipped":0,"pct":31.02},"branchesTrue":{"total":0,"covered":0,"skipped":0,"pct":100}}
,"C:\\Users\\LEGION\\Documents\\GitHub\\A-D_Prototipos_G2\\AgendamientoDeCitasMedicas\\Backend\\src\\diagnostico-whatsapp.js": {"lines":{"total":0,"covered":0,"skipped":0,"pct":0},"functions":{"total":0,"covered":0,"skipped":0,"pct":0},"statements":{"total":0,"covered":0,"skipped":0,"pct":0},"branches":{"total":0,"covered":0,"skipped":0,"pct":0}}
,"C:\\Users\\LEGION\\Documents\\GitHub\\A-D_Prototipos_G2\\AgendamientoDeCitasMedicas\\Backend\\src\\prueba-numero-real.js": {"lines":{"total":0,"covered":0,"skipped":0,"pct":0},"functions":{"total":0,"covered":0,"skipped":0,"pct":0},"statements":{"total":0,"covered":0,"skipped":0,"pct":0},"branches":{"total":0,"covered":0,"skipped":0,"pct":0}}
,"C:\\Users\\LEGION\\Documents\\GitHub\\A-D_Prototipos_G2\\AgendamientoDeCitasMedicas\\Backend\\src\\test-whatsapp.js": {"lines":{"total":0,"covered":0,"skipped":0,"pct":0},"functions":{"total":0,"covered":0,"skipped":0,"pct":0},"statements":{"total":0,"covered":0,"skipped":0,"pct":0},"branches":{"total":0,"covered":0,"skipped":0,"pct":0}}
,"C:\\Users\\LEGION\\Documents\\GitHub\\A-D_Prototipos_G2\\AgendamientoDeCitasMedicas\\Backend\\src\\verificar-sandbox.js": {"lines":{"total":0,"covered":0,"skipped":0,"pct":0},"functions":{"total":0,"covered":0,"skipped":0,"pct":0},"statements":{"total":0,"covered":0,"skipped":0,"pct":0},"branches":{"total":0,"covered":0,"skipped":0,"pct":0}}
,"C:\\Users\\LEGION\\Documents\\GitHub\\A-D_Prototipos_G2\\AgendamientoDeCitasMedicas\\Backend\\src\\config\\emailConfig.js": {"lines":{"total":10,"covered":0,"skipped":0,"pct":0},"functions":{"total":3,"covered":0,"skipped":0,"pct":0},"statements":{"total":10,"covered":0,"skipped":0,"pct":0},"branches":{"total":6,"covered":0,"skipped":0,"pct":0}}
,"C:\\Users\\LEGION\\Documents\\GitHub\\A-D_Prototipos_G2\\AgendamientoDeCitasMedicas\\Backend\\src\\controllers\\citaController.js": {"lines":{"total":172,"covered":109,"skipped":0,"pct":63.37},"functions":{"total":10,"covered":8,"skipped":0,"pct":80},"statements":{"total":172,"covered":109,"skipped":0,"pct":63.37},"branches":{"total":82,"covered":36,"skipped":0,"pct":43.9}}
,"C:\\Users\\LEGION\\Documents\\GitHub\\A-D_Prototipos_G2\\AgendamientoDeCitasMedicas\\Backend\\src\\controllers\\emailController.js": {"lines":{"total":72,"covered":9,"skipped":0,"pct":12.5},"functions":{"total":6,"covered":0,"skipped":0,"pct":0},"statements":{"total":72,"covered":9,"skipped":0,"pct":12.5},"branches":{"total":26,"covered":0,"skipped":0,"pct":0}}
,"C:\\Users\\LEGION\\Documents\\GitHub\\A-D_Prototipos_G2\\AgendamientoDeCitasMedicas\\Backend\\src\\controllers\\horarioController.js": {"lines":{"total":41,"covered":7,"skipped":0,"pct":17.07},"functions":{"total":5,"covered":0,"skipped":0,"pct":0},"statements":{"total":41,"covered":7,"skipped":0,"pct":17.07},"branches":{"total":4,"covered":0,"skipped":0,"pct":0}}
,"C:\\Users\\LEGION\\Documents\\GitHub\\A-D_Prototipos_G2\\AgendamientoDeCitasMedicas\\Backend\\src\\controllers\\notificacionController.js": {"lines":{"total":25,"covered":5,"skipped":0,"pct":20},"functions":{"total":3,"covered":0,"skipped":0,"pct":0},"statements":{"total":25,"covered":5,"skipped":0,"pct":20},"branches":{"total":2,"covered":0,"skipped":0,"pct":0}}
,"C:\\Users\\LEGION\\Documents\\GitHub\\A-D_Prototipos_G2\\AgendamientoDeCitasMedicas\\Backend\\src\\controllers\\userController.js": {"lines":{"total":91,"covered":69,"skipped":0,"pct":75.82},"functions":{"total":8,"covered":8,"skipped":0,"pct":100},"statements":{"total":96,"covered":70,"skipped":0,"pct":72.91},"branches":{"total":68,"covered":39,"skipped":0,"pct":57.35}}
,"C:\\Users\\LEGION\\Documents\\GitHub\\A-D_Prototipos_G2\\AgendamientoDeCitasMedicas\\Backend\\src\\controllers\\whatsappController.js": {"lines":{"total":80,"covered":9,"skipped":0,"pct":11.25},"functions":{"total":6,"covered":0,"skipped":0,"pct":0},"statements":{"total":80,"covered":9,"skipped":0,"pct":11.25},"branches":{"total":34,"covered":0,"skipped":0,"pct":0}}
,"C:\\Users\\LEGION\\Documents\\GitHub\\A-D_Prototipos_G2\\AgendamientoDeCitasMedicas\\Backend\\src\\db\\db.js": {"lines":{"total":6,"covered":6,"skipped":0,"pct":100},"functions":{"total":1,"covered":1,"skipped":0,"pct":100},"statements":{"total":6,"covered":6,"skipped":0,"pct":100},"branches":{"total":6,"covered":2,"skipped":0,"pct":33.33}}
,"C:\\Users\\LEGION\\Documents\\GitHub\\A-D_Prototipos_G2\\AgendamientoDeCitasMedicas\\Backend\\src\\models\\Cita.js": {"lines":{"total":0,"covered":0,"skipped":0,"pct":0},"functions":{"total":0,"covered":0,"skipped":0,"pct":0},"statements":{"total":0,"covered":0,"skipped":0,"pct":0},"branches":{"total":0,"covered":0,"skipped":0,"pct":0}}
,"C:\\Users\\LEGION\\Documents\\GitHub\\A-D_Prototipos_G2\\AgendamientoDeCitasMedicas\\Backend\\src\\routes\\citaRoutes.js": {"lines":{"total":13,"covered":13,"skipped":0,"pct":100},"functions":{"total":1,"covered":1,"skipped":0,"pct":100},"statements":{"total":13,"covered":13,"skipped":0,"pct":100},"branches":{"total":0,"covered":0,"skipped":0,"pct":100}}
,"C:\\Users\\LEGION\\Documents\\GitHub\\A-D_Prototipos_G2\\AgendamientoDeCitasMedicas\\Backend\\src\\routes\\citas.js": {"lines":{"total":30,"covered":6,"skipped":0,"pct":20},"functions":{"total":4,"covered":0,"skipped":0,"pct":0},"statements":{"total":30,"covered":6,"skipped":0,"pct":20},"branches":{"total":8,"covered":0,"skipped":0,"pct":0}}
,"C:\\Users\\LEGION\\Documents\\GitHub\\A-D_Prototipos_G2\\AgendamientoDeCitasMedicas\\Backend\\src\\routes\\emailRoutes.js": {"lines":{"total":10,"covered":10,"skipped":0,"pct":100},"functions":{"total":0,"covered":0,"skipped":0,"pct":100},"statements":{"total":10,"covered":10,"skipped":0,"pct":100},"branches":{"total":0,"covered":0,"skipped":0,"pct":100}}
,"C:\\Users\\LEGION\\Documents\\GitHub\\A-D_Prototipos_G2\\AgendamientoDeCitasMedicas\\Backend\\src\\routes\\horarioRoutes.js": {"lines":{"total":9,"covered":9,"skipped":0,"pct":100},"functions":{"total":0,"covered":0,"skipped":0,"pct":100},"statements":{"total":9,"covered":9,"skipped":0,"pct":100},"branches":{"total":0,"covered":0,"skipped":0,"pct":100}}
,"C:\\Users\\LEGION\\Documents\\GitHub\\A-D_Prototipos_G2\\AgendamientoDeCitasMedicas\\Backend\\src\\routes\\notificacionRoutes.js": {"lines":{"total":7,"covered":7,"skipped":0,"pct":100},"functions":{"total":0,"covered":0,"skipped":0,"pct":100},"statements":{"total":7,"covered":7,"skipped":0,"pct":100},"branches":{"total":0,"covered":0,"skipped":0,"pct":100}}
,"C:\\Users\\LEGION\\Documents\\GitHub\\A-D_Prototipos_G2\\AgendamientoDeCitasMedicas\\Backend\\src\\routes\\userRoutes.js": {"lines":{"total":6,"covered":6,"skipped":0,"pct":100},"functions":{"total":0,"covered":0,"skipped":0,"pct":100},"statements":{"total":6,"covered":6,"skipped":0,"pct":100},"branches":{"total":0,"covered":0,"skipped":0,"pct":100}}
,"C:\\Users\\LEGION\\Documents\\GitHub\\A-D_Prototipos_G2\\AgendamientoDeCitasMedicas\\Backend\\src\\routes\\whatsappRoutes.js": {"lines":{"total":10,"covered":10,"skipped":0,"pct":100},"functions":{"total":0,"covered":0,"skipped":0,"pct":100},"statements":{"total":10,"covered":10,"skipped":0,"pct":100},"branches":{"total":0,"covered":0,"skipped":0,"pct":100}}
,"C:\\Users\\LEGION\\Documents\\GitHub\\A-D_Prototipos_G2\\AgendamientoDeCitasMedicas\\Backend\\src\\services\\emailService.js": {"lines":{"total":31,"covered":20,"skipped":0,"pct":64.51},"functions":{"total":11,"covered":4,"skipped":0,"pct":36.36},"statements":{"total":31,"covered":20,"skipped":0,"pct":64.51},"branches":{"total":11,"covered":3,"skipped":0,"pct":27.27}}
,"C:\\Users\\LEGION\\Documents\\GitHub\\A-D_Prototipos_G2\\AgendamientoDeCitasMedicas\\Backend\\src\\services\\testEmailService.js": {"lines":{"total":15,"covered":0,"skipped":0,"pct":0},"functions":{"total":2,"covered":0,"skipped":0,"pct":0},"statements":{"total":15,"covered":0,"skipped":0,"pct":0},"branches":{"total":4,"covered":0,"skipped":0,"pct":0}}
,"C:\\Users\\LEGION\\Documents\\GitHub\\A-D_Prototipos_G2\\AgendamientoDeCitasMedicas\\Backend\\src\\services\\whatsappService.js": {"lines":{"total":63,"covered":20,"skipped":0,"pct":31.74},"functions":{"total":12,"covered":4,"skipped":0,"pct":33.33},"statements":{"total":63,"covered":20,"skipped":0,"pct":31.74},"branches":{"total":17,"covered":5,"skipped":0,"pct":29.41}}
,"C:\\Users\\LEGION\\Documents\\GitHub\\A-D_Prototipos_G2\\AgendamientoDeCitasMedicas\\Backend\\src\\utils\\hashPassword.js": {"lines":{"total":0,"covered":0,"skipped":0,"pct":0},"functions":{"total":0,"covered":0,"skipped":0,"pct":0},"statements":{"total":0,"covered":0,"skipped":0,"pct":0},"branches":{"total":0,"covered":0,"skipped":0,"pct":0}}
,"C:\\Users\\LEGION\\Documents\\GitHub\\A-D_Prototipos_G2\\AgendamientoDeCitasMedicas\\Backend\\src\\utils\\updateDoctorEmail.js": {"lines":{"total":21,"covered":0,"skipped":0,"pct":0},"functions":{"total":2,"covered":0,"skipped":0,"pct":0},"statements":{"total":21,"covered":0,"skipped":0,"pct":0},"branches":{"total":6,"covered":0,"skipped":0,"pct":0}}
}
