TN:
SF:src\diagnostico-whatsapp.js
FNF:0
FNH:0
LF:0
LH:0
BRF:0
BRH:0
end_of_record
TN:
SF:src\prueba-numero-real.js
FNF:0
FNH:0
LF:0
LH:0
BRF:0
BRH:0
end_of_record
TN:
SF:src\test-whatsapp.js
FNF:0
FNH:0
LF:0
LH:0
BRF:0
BRH:0
end_of_record
TN:
SF:src\verificar-sandbox.js
FNF:0
FNH:0
LF:0
LH:0
BRF:0
BRH:0
end_of_record
TN:
SF:src\config\emailConfig.js
FN:2,(anonymous_0)
FN:17,(anonymous_1)
FN:33,(anonymous_2)
FNF:3
FNH:0
FNDA:0,(anonymous_0)
FNDA:0,(anonymous_1)
FNDA:0,(anonymous_2)
DA:2,0
DA:3,0
DA:17,0
DA:18,0
DA:33,0
DA:34,0
DA:36,0
DA:38,0
DA:41,0
DA:43,0
LF:10
LH:0
BRDA:34,0,0,0
BRDA:34,0,1,0
BRDA:36,1,0,0
BRDA:36,1,1,0
BRDA:36,1,2,0
BRDA:36,1,3,0
BRF:6
BRH:0
end_of_record
TN:
SF:src\controllers\citaController.js
FN:6,(anonymous_0)
FN:12,(anonymous_1)
FN:18,(anonymous_2)
FN:109,(anonymous_3)
FN:129,(anonymous_4)
FN:149,(anonymous_5)
FN:235,(anonymous_6)
FN:257,(anonymous_7)
FN:457,(anonymous_8)
FN:475,(anonymous_9)
FNF:10
FNH:8
FNDA:2,(anonymous_0)
FNDA:0,(anonymous_1)
FNDA:5,(anonymous_2)
FNDA:3,(anonymous_3)
FNDA:2,(anonymous_4)
FNDA:4,(anonymous_5)
FNDA:3,(anonymous_6)
FNDA:4,(anonymous_7)
FNDA:0,(anonymous_8)
FNDA:2,(anonymous_9)
DA:1,3
DA:2,3
DA:3,3
DA:6,3
DA:7,2
DA:8,2
DA:9,2
DA:12,3
DA:13,0
DA:14,0
DA:18,3
DA:19,5
DA:21,5
DA:23,5
DA:28,5
DA:29,2
DA:33,3
DA:34,3
DA:36,3
DA:37,2
DA:40,1
DA:41,1
DA:44,1
DA:49,1
DA:50,1
DA:53,1
DA:54,1
DA:55,1
DA:68,1
DA:69,1
DA:70,1
DA:85,1
DA:86,1
DA:92,1
DA:93,1
DA:98,1
DA:103,0
DA:104,0
DA:109,3
DA:110,3
DA:112,3
DA:113,3
DA:121,3
DA:123,0
DA:124,0
DA:129,3
DA:130,2
DA:132,2
DA:133,2
DA:141,2
DA:143,0
DA:144,0
DA:149,3
DA:150,4
DA:151,4
DA:153,4
DA:155,4
DA:165,4
DA:166,2
DA:169,2
DA:172,2
DA:178,2
DA:179,1
DA:180,1
DA:193,2
DA:194,1
DA:195,1
DA:208,2
DA:211,2
DA:212,2
DA:218,2
DA:219,2
DA:224,2
DA:229,0
DA:230,0
DA:235,3
DA:236,3
DA:238,3
DA:249,2
DA:251,1
DA:252,1
DA:257,3
DA:258,4
DA:259,4
DA:261,4
DA:263,4
DA:273,4
DA:274,1
DA:277,3
DA:280,3
DA:281,1
DA:285,2
DA:286,2
DA:288,2
DA:289,0
DA:293,2
DA:294,0
DA:297,2
DA:300,2
DA:301,0
DA:305,2
DA:306,2
DA:308,2
DA:309,0
DA:313,2
DA:318,2
DA:319,1
DA:323,1
DA:324,1
DA:325,0
DA:326,0
DA:328,0
DA:329,0
DA:333,0
DA:338,0
DA:339,0
DA:343,0
DA:344,0
DA:348,0
DA:349,0
DA:350,0
DA:353,0
DA:354,0
DA:355,0
DA:356,0
DA:364,0
DA:365,0
DA:368,0
DA:373,0
DA:374,0
DA:377,0
DA:380,0
DA:381,0
DA:382,0
DA:397,0
DA:398,0
DA:399,0
DA:416,0
DA:424,0
DA:430,0
DA:437,0
DA:442,0
DA:451,1
DA:452,1
DA:457,3
DA:458,0
DA:459,0
DA:460,0
DA:464,0
DA:465,0
DA:467,0
DA:469,0
DA:470,0
DA:475,3
DA:476,2
DA:478,2
DA:479,2
DA:482,2
DA:485,2
DA:495,2
DA:496,1
DA:498,1
DA:500,0
DA:505,0
DA:507,0
DA:509,0
DA:515,0
DA:517,0
DA:524,1
DA:526,0
DA:527,0
DA:531,3
LF:172
LH:109
BRDA:28,0,0,2
BRDA:28,0,1,3
BRDA:36,1,0,2
BRDA:36,1,1,1
BRDA:36,2,0,3
BRDA:36,2,1,1
BRDA:46,3,0,1
BRDA:46,3,1,0
BRDA:53,4,0,1
BRDA:53,4,1,0
BRDA:60,5,0,1
BRDA:60,5,1,0
BRDA:68,6,0,1
BRDA:68,6,1,0
BRDA:75,7,0,1
BRDA:75,7,1,0
BRDA:92,8,0,1
BRDA:92,8,1,0
BRDA:165,9,0,2
BRDA:165,9,1,2
BRDA:178,10,0,1
BRDA:178,10,1,1
BRDA:185,11,0,1
BRDA:185,11,1,0
BRDA:193,12,0,1
BRDA:193,12,1,1
BRDA:200,13,0,1
BRDA:200,13,1,0
BRDA:211,14,0,2
BRDA:211,14,1,1
BRDA:218,15,0,2
BRDA:218,15,1,1
BRDA:273,16,0,1
BRDA:273,16,1,3
BRDA:280,17,0,1
BRDA:280,17,1,2
BRDA:288,18,0,0
BRDA:288,18,1,2
BRDA:293,19,0,0
BRDA:293,19,1,2
BRDA:293,20,0,2
BRDA:293,20,1,2
BRDA:300,21,0,0
BRDA:300,21,1,2
BRDA:308,22,0,0
BRDA:308,22,1,2
BRDA:318,23,0,1
BRDA:318,23,1,1
BRDA:328,24,0,0
BRDA:328,24,1,0
BRDA:328,25,0,0
BRDA:328,25,1,0
BRDA:338,26,0,0
BRDA:338,26,1,0
BRDA:343,27,0,0
BRDA:343,27,1,0
BRDA:343,28,0,0
BRDA:343,28,1,0
BRDA:350,29,0,0
BRDA:350,29,1,0
BRDA:353,30,0,0
BRDA:353,30,1,0
BRDA:355,31,0,0
BRDA:355,31,1,0
BRDA:373,32,0,0
BRDA:373,32,1,0
BRDA:380,33,0,0
BRDA:380,33,1,0
BRDA:389,34,0,0
BRDA:389,34,1,0
BRDA:397,35,0,0
BRDA:397,35,1,0
BRDA:406,36,0,0
BRDA:406,36,1,0
BRDA:421,37,0,0
BRDA:421,37,1,0
BRDA:435,38,0,0
BRDA:435,38,1,0
BRDA:464,39,0,0
BRDA:464,39,1,0
BRDA:505,40,0,0
BRDA:505,40,1,0
BRF:82
BRH:36
end_of_record
TN:
SF:src\controllers\emailController.js
FN:5,(anonymous_0)
FN:58,(anonymous_1)
FN:110,(anonymous_2)
FN:162,(anonymous_3)
FN:226,(anonymous_4)
FN:299,(anonymous_5)
FNF:6
FNH:0
FNDA:0,(anonymous_0)
FNDA:0,(anonymous_1)
FNDA:0,(anonymous_2)
FNDA:0,(anonymous_3)
FNDA:0,(anonymous_4)
FNDA:0,(anonymous_5)
DA:1,1
DA:2,1
DA:5,1
DA:6,0
DA:8,0
DA:10,0
DA:18,0
DA:19,0
DA:25,0
DA:28,0
DA:35,0
DA:36,0
DA:42,0
DA:49,0
DA:58,1
DA:59,0
DA:61,0
DA:62,0
DA:70,0
DA:71,0
DA:77,0
DA:79,0
DA:87,0
DA:88,0
DA:94,0
DA:101,0
DA:110,1
DA:111,0
DA:113,0
DA:114,0
DA:122,0
DA:123,0
DA:129,0
DA:131,0
DA:139,0
DA:140,0
DA:146,0
DA:153,0
DA:162,1
DA:163,0
DA:165,0
DA:166,0
DA:167,0
DA:169,0
DA:177,0
DA:178,0
DA:181,0
DA:182,0
DA:183,0
DA:190,0
DA:191,0
DA:193,0
DA:200,0
DA:208,0
DA:217,0
DA:226,1
DA:227,0
DA:229,0
DA:230,0
DA:233,0
DA:236,0
DA:237,0
DA:250,0
DA:259,0
DA:282,0
DA:284,0
DA:290,0
DA:299,1
DA:300,0
DA:303,0
DA:320,0
DA:328,1
LF:72
LH:9
BRDA:18,0,0,0
BRDA:18,0,1,0
BRDA:35,1,0,0
BRDA:35,1,1,0
BRDA:70,2,0,0
BRDA:70,2,1,0
BRDA:84,3,0,0
BRDA:84,3,1,0
BRDA:87,4,0,0
BRDA:87,4,1,0
BRDA:122,5,0,0
BRDA:122,5,1,0
BRDA:136,6,0,0
BRDA:136,6,1,0
BRDA:139,7,0,0
BRDA:139,7,1,0
BRDA:190,8,0,0
BRDA:190,8,1,0
BRDA:233,9,0,0
BRDA:233,9,1,0
BRDA:236,10,0,0
BRDA:236,10,1,0
BRDA:236,11,0,0
BRDA:236,11,1,0
BRDA:307,12,0,0
BRDA:307,12,1,0
BRF:26
BRH:0
end_of_record
TN:
SF:src\controllers\horarioController.js
FN:4,(anonymous_0)
FN:31,(anonymous_1)
FN:48,(anonymous_2)
FN:66,(anonymous_3)
FN:84,(anonymous_4)
FNF:5
FNH:0
FNDA:0,(anonymous_0)
FNDA:0,(anonymous_1)
FNDA:0,(anonymous_2)
FNDA:0,(anonymous_3)
FNDA:0,(anonymous_4)
DA:1,1
DA:4,1
DA:5,0
DA:7,0
DA:9,0
DA:14,0
DA:15,0
DA:18,0
DA:23,0
DA:25,0
DA:26,0
DA:31,1
DA:32,0
DA:34,0
DA:35,0
DA:40,0
DA:42,0
DA:43,0
DA:48,1
DA:49,0
DA:50,0
DA:58,0
DA:60,0
DA:61,0
DA:66,1
DA:67,0
DA:69,0
DA:70,0
DA:72,0
DA:73,0
DA:76,0
DA:78,0
DA:79,0
DA:84,1
DA:85,0
DA:87,0
DA:88,0
DA:89,0
DA:91,0
DA:92,0
DA:96,1
LF:41
LH:7
BRDA:14,0,0,0
BRDA:14,0,1,0
BRDA:72,1,0,0
BRDA:72,1,1,0
BRF:4
BRH:0
end_of_record
TN:
SF:src\controllers\notificacionController.js
FN:4,(anonymous_0)
FN:21,(anonymous_1)
FN:38,(anonymous_2)
FNF:3
FNH:0
FNDA:0,(anonymous_0)
FNDA:0,(anonymous_1)
FNDA:0,(anonymous_2)
DA:1,1
DA:4,1
DA:5,0
DA:7,0
DA:8,0
DA:13,0
DA:15,0
DA:16,0
DA:21,1
DA:22,0
DA:24,0
DA:25,0
DA:30,0
DA:32,0
DA:33,0
DA:38,1
DA:39,0
DA:41,0
DA:42,0
DA:47,0
DA:48,0
DA:51,0
DA:53,0
DA:54,0
DA:58,1
LF:25
LH:5
BRDA:47,0,0,0
BRDA:47,0,1,0
BRF:2
BRH:0
end_of_record
TN:
SF:src\controllers\userController.js
FN:6,(anonymous_0)
FN:12,(anonymous_1)
FN:44,(anonymous_2)
FN:55,(anonymous_3)
FN:61,(anonymous_4)
FN:66,(anonymous_5)
FN:73,(anonymous_6)
FN:99,(anonymous_7)
FNF:8
FNH:8
FNDA:4,(anonymous_0)
FNDA:2,(anonymous_1)
FNDA:2,(anonymous_2)
FNDA:2,(anonymous_3)
FNDA:2,(anonymous_4)
FNDA:2,(anonymous_5)
FNDA:3,(anonymous_6)
FNDA:2,(anonymous_7)
DA:2,2
DA:3,2
DA:6,2
DA:7,4
DA:8,4
DA:12,2
DA:13,2
DA:16,2
DA:19,2
DA:20,2
DA:21,2
DA:23,2
DA:24,18
DA:25,18
DA:26,10
DA:27,10
DA:28,4
DA:31,18
DA:34,2
DA:35,2
DA:37,2
DA:39,0
DA:44,2
DA:45,2
DA:46,2
DA:49,2
DA:50,2
DA:51,2
DA:55,2
DA:56,2
DA:57,2
DA:61,2
DA:62,2
DA:66,2
DA:67,2
DA:68,2
DA:73,2
DA:74,3
DA:76,3
DA:77,3
DA:79,3
DA:80,1
DA:83,2
DA:86,2
DA:88,2
DA:89,1
DA:91,1
DA:94,0
DA:95,0
DA:99,2
DA:100,2
DA:102,2
DA:104,2
DA:105,0
DA:109,2
DA:110,0
DA:114,2
DA:115,0
DA:119,2
DA:120,0
DA:124,2
DA:125,0
DA:129,2
DA:130,0
DA:134,2
DA:135,0
DA:139,2
DA:140,0
DA:144,2
DA:145,2
DA:146,1
DA:150,1
DA:151,1
DA:152,0
DA:156,1
DA:157,1
DA:158,0
DA:162,1
DA:163,1
DA:166,1
DA:173,1
DA:179,0
DA:182,0
DA:183,0
DA:184,0
DA:185,0
DA:186,0
DA:187,0
DA:188,0
DA:192,0
DA:196,2
LF:91
LH:69
BRDA:8,0,0,4
BRDA:8,0,1,4
BRDA:13,1,0,0
BRDA:13,1,1,2
BRDA:13,2,0,2
BRDA:13,2,1,2
BRDA:16,3,0,0
BRDA:16,3,1,2
BRDA:25,4,0,10
BRDA:25,4,1,8
BRDA:27,5,0,4
BRDA:27,5,1,6
BRDA:35,6,0,0
BRDA:35,6,1,2
BRDA:45,7,0,0
BRDA:45,7,1,2
BRDA:45,8,0,2
BRDA:45,8,1,2
BRDA:46,9,0,0
BRDA:46,9,1,2
BRDA:62,10,0,2
BRDA:62,10,1,2
BRDA:79,11,0,1
BRDA:79,11,1,2
BRDA:88,12,0,1
BRDA:88,12,1,1
BRDA:104,13,0,0
BRDA:104,13,1,2
BRDA:104,14,0,2
BRDA:104,14,1,2
BRDA:104,14,2,2
BRDA:104,14,3,2
BRDA:104,14,4,2
BRDA:104,14,5,2
BRDA:109,15,0,0
BRDA:109,15,1,2
BRDA:114,16,0,0
BRDA:114,16,1,2
BRDA:119,17,0,0
BRDA:119,17,1,2
BRDA:124,18,0,0
BRDA:124,18,1,2
BRDA:129,19,0,0
BRDA:129,19,1,2
BRDA:134,20,0,0
BRDA:134,20,1,2
BRDA:139,21,0,0
BRDA:139,21,1,2
BRDA:145,22,0,1
BRDA:145,22,1,1
BRDA:151,23,0,0
BRDA:151,23,1,1
BRDA:157,24,0,0
BRDA:157,24,1,1
BRDA:182,25,0,0
BRDA:182,25,1,0
BRDA:183,26,0,0
BRDA:183,26,1,0
BRDA:183,27,0,0
BRDA:183,27,1,0
BRDA:185,28,0,0
BRDA:185,28,1,0
BRDA:185,29,0,0
BRDA:185,29,1,0
BRDA:187,30,0,0
BRDA:187,30,1,0
BRDA:187,31,0,0
BRDA:187,31,1,0
BRF:68
BRH:39
end_of_record
TN:
SF:src\controllers\whatsappController.js
FN:5,(anonymous_0)
FN:67,(anonymous_1)
FN:126,(anonymous_2)
FN:185,(anonymous_3)
FN:258,(anonymous_4)
FN:297,(anonymous_5)
FNF:6
FNH:0
FNDA:0,(anonymous_0)
FNDA:0,(anonymous_1)
FNDA:0,(anonymous_2)
FNDA:0,(anonymous_3)
FNDA:0,(anonymous_4)
FNDA:0,(anonymous_5)
DA:1,1
DA:2,1
DA:5,1
DA:6,0
DA:8,0
DA:10,0
DA:18,0
DA:19,0
DA:25,0
DA:28,0
DA:29,0
DA:36,0
DA:44,0
DA:45,0
DA:51,0
DA:58,0
DA:67,1
DA:68,0
DA:70,0
DA:71,0
DA:79,0
DA:80,0
DA:86,0
DA:88,0
DA:89,0
DA:95,0
DA:103,0
DA:104,0
DA:110,0
DA:117,0
DA:126,1
DA:127,0
DA:129,0
DA:130,0
DA:138,0
DA:139,0
DA:145,0
DA:147,0
DA:148,0
DA:154,0
DA:162,0
DA:163,0
DA:169,0
DA:176,0
DA:185,1
DA:186,0
DA:188,0
DA:189,0
DA:190,0
DA:192,0
DA:200,0
DA:201,0
DA:204,0
DA:205,0
DA:206,0
DA:211,0
DA:214,0
DA:215,0
DA:222,0
DA:223,0
DA:225,0
DA:232,0
DA:240,0
DA:249,0
DA:258,1
DA:259,0
DA:261,0
DA:263,0
DA:265,0
DA:266,0
DA:272,0
DA:274,0
DA:275,0
DA:281,0
DA:288,0
DA:297,1
DA:298,0
DA:299,0
DA:316,0
DA:324,1
LF:80
LH:9
BRDA:18,0,0,0
BRDA:18,0,1,0
BRDA:28,1,0,0
BRDA:28,1,1,0
BRDA:44,2,0,0
BRDA:44,2,1,0
BRDA:79,3,0,0
BRDA:79,3,1,0
BRDA:88,4,0,0
BRDA:88,4,1,0
BRDA:100,5,0,0
BRDA:100,5,1,0
BRDA:103,6,0,0
BRDA:103,6,1,0
BRDA:138,7,0,0
BRDA:138,7,1,0
BRDA:147,8,0,0
BRDA:147,8,1,0
BRDA:159,9,0,0
BRDA:159,9,1,0
BRDA:162,10,0,0
BRDA:162,10,1,0
BRDA:205,11,0,0
BRDA:205,11,1,0
BRDA:222,12,0,0
BRDA:222,12,1,0
BRDA:265,13,0,0
BRDA:265,13,1,0
BRDA:265,14,0,0
BRDA:265,14,1,0
BRDA:274,15,0,0
BRDA:274,15,1,0
BRDA:303,16,0,0
BRDA:303,16,1,0
BRF:34
BRH:0
end_of_record
TN:
SF:src\db\db.js
FN:23,(anonymous_0)
FNF:1
FNH:1
FNDA:16,(anonymous_0)
DA:1,4
DA:2,4
DA:5,4
DA:23,4
DA:24,16
DA:27,4
LF:6
LH:6
BRDA:10,0,0,4
BRDA:10,0,1,0
BRDA:15,1,0,0
BRDA:15,1,1,0
BRDA:19,2,0,4
BRDA:19,2,1,0
BRF:6
BRH:2
end_of_record
TN:
SF:src\models\Cita.js
FNF:0
FNH:0
LF:0
LH:0
BRF:0
BRH:0
end_of_record
TN:
SF:src\routes\citaRoutes.js
FN:19,(anonymous_0)
FNF:1
FNH:1
FNDA:1,(anonymous_0)
DA:1,2
DA:2,2
DA:11,2
DA:13,2
DA:14,2
DA:15,2
DA:16,2
DA:17,2
DA:18,2
DA:19,2
DA:20,1
DA:21,1
DA:24,2
LF:13
LH:13
BRF:0
BRH:0
end_of_record
TN:
SF:src\routes\citas.js
FN:6,(anonymous_0)
FN:35,(anonymous_1)
FN:50,(anonymous_2)
FN:51,(anonymous_3)
FNF:4
FNH:0
FNDA:0,(anonymous_0)
FNDA:0,(anonymous_1)
FNDA:0,(anonymous_2)
FNDA:0,(anonymous_3)
DA:1,1
DA:2,1
DA:3,1
DA:6,1
DA:7,0
DA:8,0
DA:10,0
DA:12,0
DA:13,0
DA:17,0
DA:19,0
DA:20,0
DA:23,0
DA:25,0
DA:35,1
DA:36,0
DA:38,0
DA:39,0
DA:42,0
DA:49,0
DA:50,0
DA:51,0
DA:54,0
DA:55,0
DA:63,0
DA:72,0
DA:73,0
DA:75,0
DA:80,0
DA:84,1
LF:30
LH:6
BRDA:12,0,0,0
BRDA:12,0,1,0
BRDA:19,1,0,0
BRDA:19,1,1,0
BRDA:38,2,0,0
BRDA:38,2,1,0
BRDA:38,3,0,0
BRDA:38,3,1,0
BRF:8
BRH:0
end_of_record
TN:
SF:src\routes\emailRoutes.js
FNF:0
FNH:0
DA:1,1
DA:2,1
DA:3,1
DA:8,1
DA:11,1
DA:14,1
DA:17,1
DA:20,1
DA:23,1
DA:25,1
LF:10
LH:10
BRF:0
BRH:0
end_of_record
TN:
SF:src\routes\horarioRoutes.js
FNF:0
FNH:0
DA:1,1
DA:2,1
DA:9,1
DA:11,1
DA:12,1
DA:13,1
DA:14,1
DA:15,1
DA:17,1
LF:9
LH:9
BRF:0
BRH:0
end_of_record
TN:
SF:src\routes\notificacionRoutes.js
FNF:0
FNH:0
DA:1,1
DA:2,1
DA:7,1
DA:9,1
DA:10,1
DA:11,1
DA:13,1
LF:7
LH:7
BRF:0
BRH:0
end_of_record
TN:
SF:src\routes\userRoutes.js
FNF:0
FNH:0
DA:1,1
DA:2,1
DA:3,1
DA:6,1
DA:9,1
DA:11,1
LF:6
LH:6
BRF:0
BRH:0
end_of_record
TN:
SF:src\routes\whatsappRoutes.js
FNF:0
FNH:0
DA:1,1
DA:2,1
DA:3,1
DA:6,1
DA:7,1
DA:8,1
DA:9,1
DA:10,1
DA:11,1
DA:13,1
LF:10
LH:10
BRF:0
BRH:0
end_of_record
TN:
SF:src\services\emailService.js
FN:4,(anonymous_0)
FN:35,(anonymous_1)
FN:50,(anonymous_2)
FN:95,(anonymous_3)
FN:134,(anonymous_4)
FN:173,(anonymous_5)
FN:214,(anonymous_6)
FN:234,(anonymous_7)
FN:238,(anonymous_8)
FN:242,(anonymous_9)
FN:246,(anonymous_10)
FNF:11
FNH:4
FNDA:1,(anonymous_0)
FNDA:0,(anonymous_1)
FNDA:0,(anonymous_2)
FNDA:0,(anonymous_3)
FNDA:1,(anonymous_4)
FNDA:0,(anonymous_5)
FNDA:1,(anonymous_6)
FNDA:0,(anonymous_7)
FNDA:0,(anonymous_8)
FNDA:1,(anonymous_9)
FNDA:0,(anonymous_10)
DA:1,3
DA:4,3
DA:5,1
DA:7,1
DA:9,1
DA:19,0
DA:34,0
DA:36,0
DA:44,0
DA:49,3
DA:50,0
DA:95,0
DA:134,1
DA:173,0
DA:214,3
DA:215,1
DA:216,1
DA:217,1
DA:219,1
DA:226,1
DA:227,1
DA:229,0
DA:234,3
DA:235,0
DA:238,3
DA:239,0
DA:242,3
DA:243,1
DA:246,3
DA:247,0
DA:250,3
LF:31
LH:20
BRDA:5,0,0,1
BRDA:5,0,1,0
BRDA:7,1,0,1
BRDA:7,1,1,0
BRDA:7,1,2,0
BRDA:7,1,3,0
BRDA:7,1,4,0
BRDA:116,2,0,0
BRDA:116,2,1,0
BRDA:155,3,0,1
BRDA:155,3,1,0
BRF:11
BRH:3
end_of_record
TN:
SF:src\services\testEmailService.js
FN:4,testEmailConnection
FN:51,(anonymous_1)
FNF:2
FNH:0
FNDA:0,testEmailConnection
FNDA:0,(anonymous_1)
DA:1,0
DA:2,0
DA:5,0
DA:6,0
DA:8,0
DA:9,0
DA:10,0
DA:14,0
DA:22,0
DA:24,0
DA:43,0
DA:44,0
DA:47,0
DA:51,0
DA:52,0
LF:15
LH:0
BRDA:6,0,0,0
BRDA:6,0,1,0
BRDA:8,1,0,0
BRDA:8,1,1,0
BRF:4
BRH:0
end_of_record
TN:
SF:src\services\whatsappService.js
FN:4,(anonymous_0)
FN:15,(anonymous_1)
FN:31,(anonymous_2)
FN:50,(anonymous_3)
FN:69,(anonymous_4)
FN:88,(anonymous_5)
FN:110,(anonymous_6)
FN:136,(anonymous_7)
FN:157,(anonymous_8)
FN:178,(anonymous_9)
FN:199,(anonymous_10)
FN:217,(anonymous_11)
FNF:12
FNH:4
FNDA:1,(anonymous_0)
FNDA:0,(anonymous_1)
FNDA:0,(anonymous_2)
FNDA:1,(anonymous_3)
FNDA:0,(anonymous_4)
FNDA:0,(anonymous_5)
FNDA:1,(anonymous_6)
FNDA:0,(anonymous_7)
FNDA:1,(anonymous_8)
FNDA:0,(anonymous_9)
FNDA:0,(anonymous_10)
FNDA:0,(anonymous_11)
DA:1,3
DA:4,3
DA:5,1
DA:7,1
DA:9,1
DA:13,0
DA:16,0
DA:25,0
DA:30,3
DA:31,0
DA:50,1
DA:69,0
DA:88,0
DA:108,3
DA:112,1
DA:113,0
DA:117,1
DA:118,0
DA:122,1
DA:123,1
DA:127,0
DA:128,0
DA:132,0
DA:137,0
DA:138,0
DA:139,0
DA:140,0
DA:142,0
DA:148,0
DA:149,0
DA:151,0
DA:152,0
DA:158,1
DA:159,1
DA:160,1
DA:161,1
DA:163,1
DA:169,1
DA:170,1
DA:172,0
DA:173,0
DA:179,0
DA:180,0
DA:181,0
DA:182,0
DA:184,0
DA:190,0
DA:191,0
DA:193,0
DA:194,0
DA:200,0
DA:201,0
DA:202,0
DA:204,0
DA:210,0
DA:212,0
DA:218,0
DA:219,0
DA:221,0
DA:230,0
DA:236,0
DA:238,0
DA:243,3
LF:63
LH:20
BRDA:5,0,0,1
BRDA:5,0,1,0
BRDA:7,1,0,1
BRDA:7,1,1,0
BRDA:7,1,2,0
BRDA:43,2,0,0
BRDA:43,2,1,0
BRDA:112,3,0,0
BRDA:112,3,1,1
BRDA:117,4,0,0
BRDA:117,4,1,1
BRDA:122,5,0,1
BRDA:122,5,1,0
BRDA:127,6,0,0
BRDA:127,6,1,0
BRDA:127,7,0,0
BRDA:127,7,1,0
BRF:17
BRH:5
end_of_record
TN:
SF:src\utils\hashPassword.js
FNF:0
FNH:0
LF:0
LH:0
BRF:0
BRH:0
end_of_record
TN:
SF:src\utils\updateDoctorEmail.js
FN:4,updateDoctorEmail
FN:43,(anonymous_1)
FNF:2
FNH:0
FNDA:0,updateDoctorEmail
FNDA:0,(anonymous_1)
DA:1,0
DA:5,0
DA:6,0
DA:9,0
DA:14,0
DA:15,0
DA:16,0
DA:17,0
DA:19,0
DA:22,0
DA:27,0
DA:28,0
DA:30,0
DA:31,0
DA:32,0
DA:37,0
DA:42,0
DA:43,0
DA:44,0
DA:45,0
DA:49,0
LF:21
LH:0
BRDA:14,0,0,0
BRDA:14,0,1,0
BRDA:27,1,0,0
BRDA:27,1,1,0
BRDA:42,2,0,0
BRDA:42,2,1,0
BRF:6
BRH:0
end_of_record
